# JRE version: Java(TM) SE Runtime Environment (8.0-b115) (build 1.8.0-ea-b115)
# Java VM: Java HotSpot(TM) 64-Bit Server VM (25.0-b57 mixed mode bsd-amd64 compressed oops)
Heap:
 PSYoungGen      total 298496K, used 61755K [0x0000000795500000, 0x00000007ac300000, 0x00000007c0000000)
  eden space 280576K, 18% used [0x0000000795500000,0x00000007988cac78,0x00000007a6700000)
  from space 17920K, 48% used [0x00000007a6700000,0x00000007a6f84198,0x00000007a7880000)
  to   space 17408K, 0% used [0x00000007ab200000,0x00000007ab200000,0x00000007ac300000)
 ParOldGen       total 100864K, used 41184K [0x0000000740000000, 0x0000000746280000, 0x0000000795500000)
  object space 100864K, 40% used [0x0000000740000000,0x0000000742838320,0x0000000746280000)
 Metaspace       used 53849K, capacity 54372K, committed 54912K, reserved 1097728K
  class space    used 6874K, capacity 6985K, committed 7040K, reserved 1048576K
GC Heap History (10 events):
Event: 4.876 GC heap before
{Heap before GC invocations=9 (full 1):
 PSYoungGen      total 142848K, used 134144K [0x0000000795500000, 0x00000007a6c00000, 0x00000007c0000000)
  eden space 134144K, 100% used [0x0000000795500000,0x000000079d800000,0x000000079d800000)
  from space 8704K, 0% used [0x000000079d800000,0x000000079d800000,0x000000079e080000)
  to   space 8704K, 0% used [0x00000007a6380000,0x00000007a6380000,0x00000007a6c00000)
 ParOldGen       total 58368K, used 9004K [0x0000000740000000, 0x0000000743900000, 0x0000000795500000)
  object space 58368K, 15% used [0x0000000740000000,0x00000007408cb0a0,0x0000000743900000)
 Metaspace       used 25341K, capacity 25552K, committed 25856K, reserved 1071104K
  class space    used 3176K, capacity 3204K, committed 3328K, reserved 1048576K
Event: 4.888 GC heap after
Heap after GC invocations=9 (full 1):
 PSYoungGen      total 221696K, used 8680K [0x0000000795500000, 0x00000007a6c00000, 0x00000007c0000000)
  eden space 212992K, 0% used [0x0000000795500000,0x0000000795500000,0x00000007a2500000)
  from space 8704K, 99% used [0x00000007a6380000,0x00000007a6bfa160,0x00000007a6c00000)
  to   space 10240K, 0% used [0x00000007a5800000,0x00000007a5800000,0x00000007a6200000)
 ParOldGen       total 58368K, used 10125K [0x0000000740000000, 0x0000000743900000, 0x0000000795500000)
  object space 58368K, 17% used [0x0000000740000000,0x00000007409e3518,0x0000000743900000)
 Metaspace       used 25341K, capacity 25552K, committed 25856K, reserved 1071104K
  class space    used 3176K, capacity 3204K, committed 3328K, reserved 1048576K
}
Event: 6.548 GC heap before
{Heap before GC invocations=10 (full 1):
 PSYoungGen      total 221696K, used 161164K [0x0000000795500000, 0x00000007a6c00000, 0x00000007c0000000)
  eden space 212992K, 71% used [0x0000000795500000,0x000000079e9e8f20,0x00000007a2500000)
  from space 8704K, 99% used [0x00000007a6380000,0x00000007a6bfa160,0x00000007a6c00000)
  to   space 10240K, 0% used [0x00000007a5800000,0x00000007a5800000,0x00000007a6200000)
 ParOldGen       total 58368K, used 10125K [0x0000000740000000, 0x0000000743900000, 0x0000000795500000)
  object space 58368K, 17% used [0x0000000740000000,0x00000007409e3518,0x0000000743900000)
 Metaspace       used 34571K, capacity 34854K, committed 35096K, reserved 1079296K
  class space    used 4425K, capacity 4465K, committed 4480K, reserved 1048576K
Event: 6.567 GC heap after
Heap after GC invocations=10 (full 1):
 PSYoungGen      total 275456K, used 10209K [0x0000000795500000, 0x00000007a8600000, 0x00000007c0000000)
  eden space 265216K, 0% used [0x0000000795500000,0x0000000795500000,0x00000007a5800000)
  from space 10240K, 99% used [0x00000007a5800000,0x00000007a61f84c8,0x00000007a6200000)
  to   space 13824K, 0% used [0x00000007a7880000,0x00000007a7880000,0x00000007a8600000)
 ParOldGen       total 58368K, used 16998K [0x0000000740000000, 0x0000000743900000, 0x0000000795500000)
  object space 58368K, 29% used [0x0000000740000000,0x0000000741099808,0x0000000743900000)
 Metaspace       used 34571K, capacity 34854K, committed 35096K, reserved 1079296K
  class space    used 4425K, capacity 4465K, committed 4480K, reserved 1048576K
}
Event: 6.567 GC heap before
{Heap before GC invocations=11 (full 2):
 PSYoungGen      total 275456K, used 10209K [0x0000000795500000, 0x00000007a8600000, 0x00000007c0000000)
  eden space 265216K, 0% used [0x0000000795500000,0x0000000795500000,0x00000007a5800000)
  from space 10240K, 99% used [0x00000007a5800000,0x00000007a61f84c8,0x00000007a6200000)
  to   space 13824K, 0% used [0x00000007a7880000,0x00000007a7880000,0x00000007a8600000)
 ParOldGen       total 58368K, used 16998K [0x0000000740000000, 0x0000000743900000, 0x0000000795500000)
  object space 58368K, 29% used [0x0000000740000000,0x0000000741099808,0x0000000743900000)
 Metaspace       used 34571K, capacity 34854K, committed 35096K, reserved 1079296K
  class space    used 4425K, capacity 4465K, committed 4480K, reserved 1048576K
Event: 6.649 GC heap after
Heap after GC invocations=11 (full 2):
 PSYoungGen      total 275456K, used 0K [0x0000000795500000, 0x00000007a8600000, 0x00000007c0000000)
  eden space 265216K, 0% used [0x0000000795500000,0x0000000795500000,0x00000007a5800000)
  from space 10240K, 0% used [0x00000007a5800000,0x00000007a5800000,0x00000007a6200000)
  to   space 13824K, 0% used [0x00000007a7880000,0x00000007a7880000,0x00000007a8600000)
 ParOldGen       total 100864K, used 24068K [0x0000000740000000, 0x0000000746280000, 0x0000000795500000)
  object space 100864K, 23% used [0x0000000740000000,0x0000000741781158,0x0000000746280000)
 Metaspace       used 34571K, capacity 34854K, committed 35096K, reserved 1079296K
  class space    used 4425K, capacity 4465K, committed 4480K, reserved 1048576K
}
Event: 10.437 GC heap before
{Heap before GC invocations=12 (full 2):
 PSYoungGen      total 275456K, used 265216K [0x0000000795500000, 0x00000007a8600000, 0x00000007c0000000)
  eden space 265216K, 100% used [0x0000000795500000,0x00000007a5800000,0x00000007a5800000)
  from space 10240K, 0% used [0x00000007a5800000,0x00000007a5800000,0x00000007a6200000)
  to   space 13824K, 0% used [0x00000007a7880000,0x00000007a7880000,0x00000007a8600000)
 ParOldGen       total 100864K, used 24068K [0x0000000740000000, 0x0000000746280000, 0x0000000795500000)
  object space 100864K, 23% used [0x0000000740000000,0x0000000741781158,0x0000000746280000)
 Metaspace       used 45863K, capacity 46244K, committed 46592K, reserved 1089536K
  class space    used 6023K, capacity 6137K, committed 6144K, reserved 1048576K
Event: 10.460 GC heap after
Heap after GC invocations=12 (full 2):
 PSYoungGen      total 294400K, used 13820K [0x0000000795500000, 0x00000007abc80000, 0x00000007c0000000)
  eden space 280576K, 0% used [0x0000000795500000,0x0000000795500000,0x00000007a6700000)
  from space 13824K, 99% used [0x00000007a7880000,0x00000007a85ff158,0x00000007a8600000)
  to   space 17920K, 0% used [0x00000007a6700000,0x00000007a6700000,0x00000007a7880000)
 ParOldGen       total 100864K, used 30225K [0x0000000740000000, 0x0000000746280000, 0x0000000795500000)
  object space 100864K, 29% used [0x0000000740000000,0x0000000741d84650,0x0000000746280000)
 Metaspace       used 45863K, capacity 46244K, committed 46592K, reserved 1089536K
  class space    used 6023K, capacity 6137K, committed 6144K, reserved 1048576K
}
Event: 2516.803 GC heap before
{Heap before GC invocations=13 (full 2):
 PSYoungGen      total 294400K, used 294396K [0x0000000795500000, 0x00000007abc80000, 0x00000007c0000000)
  eden space 280576K, 100% used [0x0000000795500000,0x00000007a6700000,0x00000007a6700000)
  from space 13824K, 99% used [0x00000007a7880000,0x00000007a85ff158,0x00000007a8600000)
  to   space 17920K, 0% used [0x00000007a6700000,0x00000007a6700000,0x00000007a7880000)
 ParOldGen       total 100864K, used 30225K [0x0000000740000000, 0x0000000746280000, 0x0000000795500000)
  object space 100864K, 29% used [0x0000000740000000,0x0000000741d84650,0x0000000746280000)
 Metaspace       used 53604K, capacity 54084K, committed 54656K, reserved 1097728K
  class space    used 6863K, capacity 6953K, committed 7040K, reserved 1048576K
Event: 2516.866 GC heap after
Heap after GC invocations=13 (full 2):
 PSYoungGen      total 298496K, used 8720K [0x0000000795500000, 0x00000007ac300000, 0x00000007c0000000)
  eden space 280576K, 0% used [0x0000000795500000,0x0000000795500000,0x00000007a6700000)
  from space 17920K, 48% used [0x00000007a6700000,0x00000007a6f84198,0x00000007a7880000)
  to   space 17408K, 0% used [0x00000007ab200000,0x00000007ab200000,0x00000007ac300000)
 ParOldGen       total 100864K, used 41184K [0x0000000740000000, 0x0000000746280000, 0x0000000795500000)
  object space 100864K, 40% used [0x0000000740000000,0x0000000742838320,0x0000000746280000)
 Metaspace       used 53604K, capacity 54084K, committed 54656K, reserved 1097728K
  class space    used 6863K, capacity 6953K, committed 7040K, reserved 1048576K
}

